12:55:45.574 [main] INFO  base.baseClass - *****selecting the car model type**********
12:55:45.605 [main] INFO  base.baseClass - *****entering all the personal details**********
12:55:45.615 [main] INFO  base.baseClass - *****displaying the invalid email error**********
12:55:45.634 [main] INFO  base.baseClass - *****hovering over the insurance plans option on the main page**********
12:55:45.666 [main] INFO  base.baseClass - *****capturing the insurance options available**********
12:55:45.674 [main] INFO  base.baseClass - *****displaying the health insurance options available**********
12:55:46.554 [main] INFO  base.baseClass - *****Navigating to policyBazaar Website**********
12:55:46.992 [main] INFO  base.baseClass - *****Scrolling down until all options are available**********
12:55:49.149 [main] INFO  base.baseClass - *****Selecting travel insurance out of the options available**********
12:55:50.425 [main] INFO  base.baseClass - *****selecting the country to travel to**********
12:55:55.572 [main] INFO  base.baseClass - *****Clicking on next button**********
12:55:55.874 [main] INFO  base.baseClass - *****selecting the start end and end date for the trip**********
12:55:56.309 [main] INFO  base.baseClass - *****selecting the number of people traveling**********
12:56:06.360 [main] INFO  base.baseClass - *****entering the details of any pre-existing medical condition if any**********
12:56:15.145 [main] INFO  base.baseClass - *****entering the mobile number **********
12:56:15.159 [main] INFO  base.baseClass - *****displaying the title of the page opened**********
12:56:15.194 [main] INFO  base.baseClass - *******user selects student plan from the filter options********
12:56:25.633 [main] INFO  base.baseClass - *******Student Travel Information slider page is opened********
12:56:25.635 [main] INFO  base.baseClass - *******user selects the Student Visa for both the student travellers********
12:56:25.655 [main] INFO  base.baseClass - *******user enters the duration of the trip and clicks on apply changes********
12:56:36.021 [main] INFO  base.baseClass - *****selecting low to high filter from the sort by dropdown to apply filter**********
12:56:48.510 [main] INFO  base.baseClass - *****printing the top3 minimum travel insurance plans for students**********
12:56:48.531 [main] INFO  base.baseClass - *****user scrolls down the main page**********
12:56:48.710 [main] INFO  base.baseClass - *****user selects the buying a new car option**********
12:56:48.742 [main] INFO  base.baseClass - *****user the selects the city**********
12:56:48.762 [main] INFO  base.baseClass - *****selecting the car brand **********
12:56:48.792 [main] INFO  base.baseClass - *****selecting the car model type**********
12:56:48.803 [main] INFO  base.baseClass - *****entering all the personal details**********
12:56:48.815 [main] INFO  base.baseClass - *****displaying the invalid email error**********
12:56:48.832 [main] INFO  base.baseClass - *****hovering over the insurance plans option on the main page**********
12:56:48.863 [main] INFO  base.baseClass - *****capturing the insurance options available**********
12:56:48.870 [main] INFO  base.baseClass - *****displaying the health insurance options available**********
12:56:57.362 [main] INFO  base.baseClass - *****Navigating to policyBazaar Website**********
12:56:57.774 [main] INFO  base.baseClass - *****Scrolling down until all options are available**********
12:56:59.275 [main] INFO  base.baseClass - *****Selecting travel insurance out of the options available**********
12:57:00.858 [main] INFO  base.baseClass - *****selecting the country to travel to**********
12:57:08.116 [main] INFO  base.baseClass - *****Clicking on next button**********
12:57:08.458 [main] INFO  base.baseClass - *****selecting the start end and end date for the trip**********
12:57:14.901 [main] INFO  base.baseClass - *****selecting the number of people traveling**********
12:57:16.769 [main] INFO  base.baseClass - *****selecting age of the person **********
12:57:19.352 [main] INFO  base.baseClass - *****selecting age of second person**********
12:57:22.114 [main] INFO  base.baseClass - *****entering the details of any pre-existing medical condition if any**********
12:57:24.292 [main] INFO  base.baseClass - *****entering the mobile number **********
12:57:27.930 [main] INFO  base.baseClass - *****displaying the title of the page opened**********
12:57:30.807 [main] INFO  base.baseClass - *******user selects student plan from the filter options********
12:57:33.160 [main] INFO  base.baseClass - *******Student Travel Information slider page is opened********
12:57:33.161 [main] INFO  base.baseClass - *******user selects the Student Visa for both the student travellers********
12:57:34.053 [main] INFO  base.baseClass - *******user enters the duration of the trip and clicks on apply changes********
12:57:34.814 [main] INFO  base.baseClass - *****selecting low to high filter from the sort by dropdown to apply filter**********
